{"name":"hexo","hostname":"MacBook-Pro-0.local","pid":43690,"level":20,"msg":"Hexo version: \u001b[35m3.2.2\u001b[39m","time":"2016-09-13T06:58:53.561Z","v":0}
{"name":"hexo","hostname":"MacBook-Pro-0.local","pid":43690,"level":20,"msg":"Working directory: \u001b[35m~/study/blog/\u001b[39m","time":"2016-09-13T06:58:53.565Z","v":0}
{"name":"hexo","hostname":"MacBook-Pro-0.local","pid":43690,"level":20,"msg":"Config loaded: \u001b[35m~/study/blog/_config.yml\u001b[39m","time":"2016-09-13T06:58:53.655Z","v":0}
{"name":"hexo","hostname":"MacBook-Pro-0.local","pid":43690,"level":20,"msg":"Loading database.","time":"2016-09-13T06:58:53.663Z","v":0}
{"name":"hexo","hostname":"MacBook-Pro-0.local","pid":43690,"level":30,"msg":"Start processing","time":"2016-09-13T06:58:53.681Z","v":0}
{"name":"hexo","hostname":"MacBook-Pro-0.local","pid":43690,"level":20,"msg":"Processed: \u001b[35m_posts/git-study-1.md\u001b[39m","time":"2016-09-13T06:58:53.692Z","v":0}
{"name":"hexo","hostname":"MacBook-Pro-0.local","pid":43690,"level":20,"msg":"Processed: \u001b[35m_posts/bottle-notes.md\u001b[39m","time":"2016-09-13T06:58:53.692Z","v":0}
{"name":"hexo","hostname":"MacBook-Pro-0.local","pid":43690,"level":20,"msg":"Processed: \u001b[35m_posts/haystack.md\u001b[39m","time":"2016-09-13T06:58:53.693Z","v":0}
{"name":"hexo","hostname":"MacBook-Pro-0.local","pid":43690,"level":20,"msg":"Processed: \u001b[35m_posts/hello-world.md\u001b[39m","time":"2016-09-13T06:58:53.696Z","v":0}
{"name":"hexo","hostname":"MacBook-Pro-0.local","pid":43690,"level":20,"msg":"Processed: \u001b[35m_posts/test.md\u001b[39m","time":"2016-09-13T06:58:53.697Z","v":0}
{"name":"hexo","hostname":"MacBook-Pro-0.local","pid":43690,"level":20,"msg":"Processed: \u001b[35m_posts/ubuntu-tools.md\u001b[39m","time":"2016-09-13T06:58:53.697Z","v":0}
{"name":"hexo","hostname":"MacBook-Pro-0.local","pid":43690,"level":20,"msg":"Processed: \u001b[35m_posts/what-is-wsgi.md\u001b[39m","time":"2016-09-13T06:58:53.697Z","v":0}
{"name":"hexo","hostname":"MacBook-Pro-0.local","pid":43690,"level":20,"msg":"Generator: \u001b[35mpage\u001b[39m","time":"2016-09-13T06:58:53.701Z","v":0}
{"name":"hexo","hostname":"MacBook-Pro-0.local","pid":43690,"level":20,"msg":"Generator: \u001b[35mpost\u001b[39m","time":"2016-09-13T06:58:53.701Z","v":0}
{"name":"hexo","hostname":"MacBook-Pro-0.local","pid":43690,"level":20,"msg":"Generator: \u001b[35masset\u001b[39m","time":"2016-09-13T06:58:53.701Z","v":0}
{"name":"hexo","hostname":"MacBook-Pro-0.local","pid":43690,"level":30,"msg":"Files loaded in \u001b[36m40 ms\u001b[39m","time":"2016-09-13T06:58:53.703Z","v":0}
{"name":"hexo","hostname":"MacBook-Pro-0.local","pid":43690,"level":30,"msg":"0 files generated in \u001b[36m1.13 ms\u001b[39m","time":"2016-09-13T06:58:53.704Z","v":0}
{"name":"hexo","hostname":"MacBook-Pro-0.local","pid":43690,"level":20,"msg":"Database saved","time":"2016-09-13T06:58:53.708Z","v":0}
{"name":"hexo","hostname":"MacBook-Pro-0.local","pid":43700,"level":20,"msg":"Hexo version: \u001b[35m3.2.2\u001b[39m","time":"2016-09-13T06:59:16.004Z","v":0}
{"name":"hexo","hostname":"MacBook-Pro-0.local","pid":43700,"level":20,"msg":"Working directory: \u001b[35m~/study/blog/\u001b[39m","time":"2016-09-13T06:59:16.007Z","v":0}
{"name":"hexo","hostname":"MacBook-Pro-0.local","pid":43700,"level":20,"msg":"Config loaded: \u001b[35m~/study/blog/_config.yml\u001b[39m","time":"2016-09-13T06:59:16.093Z","v":0}
{"name":"hexo","hostname":"MacBook-Pro-0.local","pid":43700,"level":20,"msg":"Database saved","time":"2016-09-13T06:59:16.105Z","v":0}
{"name":"hexo","hostname":"MacBook-Pro-0.local","pid":43738,"level":20,"msg":"Hexo version: \u001b[35m3.2.2\u001b[39m","time":"2016-09-13T07:00:26.720Z","v":0}
{"name":"hexo","hostname":"MacBook-Pro-0.local","pid":43738,"level":20,"msg":"Working directory: \u001b[35m~/study/blog/\u001b[39m","time":"2016-09-13T07:00:26.723Z","v":0}
{"name":"hexo","hostname":"MacBook-Pro-0.local","pid":43738,"level":20,"msg":"Config loaded: \u001b[35m~/study/blog/_config.yml\u001b[39m","time":"2016-09-13T07:00:26.811Z","v":0}
{"name":"hexo","hostname":"MacBook-Pro-0.local","pid":43738,"level":20,"msg":"Database saved","time":"2016-09-13T07:00:26.823Z","v":0}
{"name":"hexo","hostname":"MacBook-Pro-0.local","pid":43783,"level":20,"msg":"Hexo version: \u001b[35m3.2.2\u001b[39m","time":"2016-09-13T07:01:05.959Z","v":0}
{"name":"hexo","hostname":"MacBook-Pro-0.local","pid":43783,"level":20,"msg":"Working directory: \u001b[35m~/study/blog/\u001b[39m","time":"2016-09-13T07:01:05.962Z","v":0}
{"name":"hexo","hostname":"MacBook-Pro-0.local","pid":43783,"level":20,"msg":"Config loaded: \u001b[35m~/study/blog/_config.yml\u001b[39m","time":"2016-09-13T07:01:06.051Z","v":0}
{"name":"hexo","hostname":"MacBook-Pro-0.local","pid":43783,"level":20,"msg":"Database saved","time":"2016-09-13T07:01:06.064Z","v":0}
{"name":"hexo","hostname":"MacBook-Pro-0.local","pid":43792,"level":20,"msg":"Hexo version: \u001b[35m3.2.2\u001b[39m","time":"2016-09-13T07:01:22.230Z","v":0}
{"name":"hexo","hostname":"MacBook-Pro-0.local","pid":43792,"level":20,"msg":"Working directory: \u001b[35m~/study/blog/\u001b[39m","time":"2016-09-13T07:01:22.233Z","v":0}
{"name":"hexo","hostname":"MacBook-Pro-0.local","pid":43792,"level":20,"msg":"Config loaded: \u001b[35m~/study/blog/_config.yml\u001b[39m","time":"2016-09-13T07:01:22.321Z","v":0}
{"name":"hexo","hostname":"MacBook-Pro-0.local","pid":43792,"level":20,"msg":"Loading database.","time":"2016-09-13T07:01:22.329Z","v":0}
{"name":"hexo","hostname":"MacBook-Pro-0.local","pid":43792,"level":30,"msg":"Start processing","time":"2016-09-13T07:01:22.337Z","v":0}
{"name":"hexo","hostname":"MacBook-Pro-0.local","pid":43792,"level":20,"msg":"Processed: \u001b[35m_posts/git-study-1.md\u001b[39m","time":"2016-09-13T07:01:22.352Z","v":0}
{"name":"hexo","hostname":"MacBook-Pro-0.local","pid":43792,"level":20,"msg":"Processed: \u001b[35m_posts/bottle-notes.md\u001b[39m","time":"2016-09-13T07:01:22.352Z","v":0}
{"name":"hexo","hostname":"MacBook-Pro-0.local","pid":43792,"level":20,"msg":"Processed: \u001b[35m_posts/hello-world.md\u001b[39m","time":"2016-09-13T07:01:22.353Z","v":0}
{"name":"hexo","hostname":"MacBook-Pro-0.local","pid":43792,"level":20,"msg":"Processed: \u001b[35m_posts/test.md\u001b[39m","time":"2016-09-13T07:01:22.353Z","v":0}
{"name":"hexo","hostname":"MacBook-Pro-0.local","pid":43792,"level":20,"msg":"Processed: \u001b[35m_posts/haystack.md\u001b[39m","time":"2016-09-13T07:01:22.354Z","v":0}
{"name":"hexo","hostname":"MacBook-Pro-0.local","pid":43792,"level":20,"msg":"Processed: \u001b[35m_posts/ubuntu-tools.md\u001b[39m","time":"2016-09-13T07:01:22.355Z","v":0}
{"name":"hexo","hostname":"MacBook-Pro-0.local","pid":43792,"level":20,"msg":"Processed: \u001b[35m_posts/what-is-wsgi.md\u001b[39m","time":"2016-09-13T07:01:22.357Z","v":0}
{"name":"hexo","hostname":"MacBook-Pro-0.local","pid":43792,"level":20,"msg":"Generator: \u001b[35mpage\u001b[39m","time":"2016-09-13T07:01:22.362Z","v":0}
{"name":"hexo","hostname":"MacBook-Pro-0.local","pid":43792,"level":20,"msg":"Generator: \u001b[35mpost\u001b[39m","time":"2016-09-13T07:01:22.362Z","v":0}
{"name":"hexo","hostname":"MacBook-Pro-0.local","pid":43792,"level":20,"msg":"Generator: \u001b[35masset\u001b[39m","time":"2016-09-13T07:01:22.362Z","v":0}
{"name":"hexo","hostname":"MacBook-Pro-0.local","pid":43792,"level":30,"msg":"Files loaded in \u001b[36m35 ms\u001b[39m","time":"2016-09-13T07:01:22.364Z","v":0}
{"name":"hexo","hostname":"MacBook-Pro-0.local","pid":43792,"level":30,"msg":"0 files generated in \u001b[36m1.05 ms\u001b[39m","time":"2016-09-13T07:01:22.365Z","v":0}
{"name":"hexo","hostname":"MacBook-Pro-0.local","pid":43792,"level":20,"msg":"Database saved","time":"2016-09-13T07:01:22.367Z","v":0}
{"name":"hexo","hostname":"MacBook-Pro-0.local","pid":43816,"level":20,"msg":"Hexo version: \u001b[35m3.2.2\u001b[39m","time":"2016-09-13T07:02:38.456Z","v":0}
{"name":"hexo","hostname":"MacBook-Pro-0.local","pid":43816,"level":20,"msg":"Working directory: \u001b[35m~/study/blog/\u001b[39m","time":"2016-09-13T07:02:38.459Z","v":0}
{"name":"hexo","hostname":"MacBook-Pro-0.local","pid":43816,"level":20,"msg":"Config loaded: \u001b[35m~/study/blog/_config.yml\u001b[39m","time":"2016-09-13T07:02:38.583Z","v":0}
{"name":"hexo","hostname":"MacBook-Pro-0.local","pid":43816,"level":20,"msg":"Plugin loaded: \u001b[35mhexo-server\u001b[39m","time":"2016-09-13T07:02:38.664Z","v":0}
{"name":"hexo","hostname":"MacBook-Pro-0.local","pid":43816,"level":20,"msg":"Loading database.","time":"2016-09-13T07:02:38.675Z","v":0}
{"name":"hexo","hostname":"MacBook-Pro-0.local","pid":43816,"level":30,"msg":"Start processing","time":"2016-09-13T07:02:38.692Z","v":0}
{"name":"hexo","hostname":"MacBook-Pro-0.local","pid":43816,"level":20,"msg":"Processed: \u001b[35m_posts/hello-world.md\u001b[39m","time":"2016-09-13T07:02:38.730Z","v":0}
{"name":"hexo","hostname":"MacBook-Pro-0.local","pid":43816,"level":20,"msg":"Processed: \u001b[35m_posts/git-study-1.md\u001b[39m","time":"2016-09-13T07:02:38.730Z","v":0}
{"name":"hexo","hostname":"MacBook-Pro-0.local","pid":43816,"level":20,"msg":"Processed: \u001b[35m_posts/bottle-notes.md\u001b[39m","time":"2016-09-13T07:02:38.730Z","v":0}
{"name":"hexo","hostname":"MacBook-Pro-0.local","pid":43816,"level":20,"msg":"Processed: \u001b[35m_posts/haystack.md\u001b[39m","time":"2016-09-13T07:02:38.731Z","v":0}
{"name":"hexo","hostname":"MacBook-Pro-0.local","pid":43816,"level":20,"msg":"Processed: \u001b[35m_posts/test.md\u001b[39m","time":"2016-09-13T07:02:38.732Z","v":0}
{"name":"hexo","hostname":"MacBook-Pro-0.local","pid":43816,"level":20,"msg":"Processed: \u001b[35m_posts/ubuntu-tools.md\u001b[39m","time":"2016-09-13T07:02:38.732Z","v":0}
{"name":"hexo","hostname":"MacBook-Pro-0.local","pid":43816,"level":20,"msg":"Processed: \u001b[35m_posts/what-is-wsgi.md\u001b[39m","time":"2016-09-13T07:02:38.733Z","v":0}
{"name":"hexo","hostname":"MacBook-Pro-0.local","pid":43816,"level":20,"msg":"Generator: \u001b[35mpage\u001b[39m","time":"2016-09-13T07:02:38.741Z","v":0}
{"name":"hexo","hostname":"MacBook-Pro-0.local","pid":43816,"level":20,"msg":"Generator: \u001b[35mpost\u001b[39m","time":"2016-09-13T07:02:38.741Z","v":0}
{"name":"hexo","hostname":"MacBook-Pro-0.local","pid":43816,"level":20,"msg":"Generator: \u001b[35masset\u001b[39m","time":"2016-09-13T07:02:38.741Z","v":0}
{"name":"hexo","hostname":"MacBook-Pro-0.local","pid":43816,"level":30,"msg":"Hexo is running at \u001b[4mhttp://0.0.0.0:4000/\u001b[24m. Press Ctrl+C to stop.","time":"2016-09-13T07:02:38.743Z","v":0}
{"name":"hexo","hostname":"MacBook-Pro-0.local","pid":43816,"level":20,"msg":"Database saved","time":"2016-09-13T07:02:38.745Z","v":0}
{"name":"hexo","hostname":"MacBook-Pro-0.local","pid":43816,"level":30,"msg":"Bye!","time":"2016-09-13T07:02:41.548Z","v":0}
{"name":"hexo","hostname":"MacBook-Pro-0.local","pid":43816,"level":20,"msg":"Database saved","time":"2016-09-13T07:02:41.551Z","v":0}
{"name":"hexo","hostname":"MacBook-Pro-0.local","pid":43825,"level":20,"msg":"Hexo version: \u001b[35m3.2.2\u001b[39m","time":"2016-09-13T07:02:47.280Z","v":0}
{"name":"hexo","hostname":"MacBook-Pro-0.local","pid":43825,"level":20,"msg":"Working directory: \u001b[35m~/study/blog/\u001b[39m","time":"2016-09-13T07:02:47.283Z","v":0}
{"name":"hexo","hostname":"MacBook-Pro-0.local","pid":43825,"level":20,"msg":"Config loaded: \u001b[35m~/study/blog/_config.yml\u001b[39m","time":"2016-09-13T07:02:47.415Z","v":0}
{"name":"hexo","hostname":"MacBook-Pro-0.local","pid":43825,"level":20,"msg":"Plugin loaded: \u001b[35mhexo-server\u001b[39m","time":"2016-09-13T07:02:47.522Z","v":0}
{"name":"hexo","hostname":"MacBook-Pro-0.local","pid":43825,"level":20,"msg":"Loading database.","time":"2016-09-13T07:02:47.538Z","v":0}
{"name":"hexo","hostname":"MacBook-Pro-0.local","pid":43825,"level":30,"msg":"Start processing","time":"2016-09-13T07:02:47.563Z","v":0}
{"name":"hexo","hostname":"MacBook-Pro-0.local","pid":43825,"level":20,"msg":"Processed: \u001b[35m_posts/bottle-notes.md\u001b[39m","time":"2016-09-13T07:02:47.604Z","v":0}
{"name":"hexo","hostname":"MacBook-Pro-0.local","pid":43825,"level":20,"msg":"Processed: \u001b[35m_posts/git-study-1.md\u001b[39m","time":"2016-09-13T07:02:47.604Z","v":0}
{"name":"hexo","hostname":"MacBook-Pro-0.local","pid":43825,"level":20,"msg":"Processed: \u001b[35m_posts/haystack.md\u001b[39m","time":"2016-09-13T07:02:47.604Z","v":0}
{"name":"hexo","hostname":"MacBook-Pro-0.local","pid":43825,"level":20,"msg":"Processed: \u001b[35m_posts/hello-world.md\u001b[39m","time":"2016-09-13T07:02:47.605Z","v":0}
{"name":"hexo","hostname":"MacBook-Pro-0.local","pid":43825,"level":20,"msg":"Processed: \u001b[35m_posts/ubuntu-tools.md\u001b[39m","time":"2016-09-13T07:02:47.605Z","v":0}
{"name":"hexo","hostname":"MacBook-Pro-0.local","pid":43825,"level":20,"msg":"Processed: \u001b[35m_posts/test.md\u001b[39m","time":"2016-09-13T07:02:47.605Z","v":0}
{"name":"hexo","hostname":"MacBook-Pro-0.local","pid":43825,"level":20,"msg":"Processed: \u001b[35m_posts/what-is-wsgi.md\u001b[39m","time":"2016-09-13T07:02:47.605Z","v":0}
{"name":"hexo","hostname":"MacBook-Pro-0.local","pid":43825,"level":20,"msg":"Generator: \u001b[35mpage\u001b[39m","time":"2016-09-13T07:02:47.615Z","v":0}
{"name":"hexo","hostname":"MacBook-Pro-0.local","pid":43825,"level":20,"msg":"Generator: \u001b[35mpost\u001b[39m","time":"2016-09-13T07:02:47.615Z","v":0}
{"name":"hexo","hostname":"MacBook-Pro-0.local","pid":43825,"level":20,"msg":"Generator: \u001b[35masset\u001b[39m","time":"2016-09-13T07:02:47.616Z","v":0}
{"name":"hexo","hostname":"MacBook-Pro-0.local","pid":43825,"level":30,"msg":"Hexo is running at \u001b[4mhttp://0.0.0.0:4000/\u001b[24m. Press Ctrl+C to stop.","time":"2016-09-13T07:02:47.619Z","v":0}
{"name":"hexo","hostname":"MacBook-Pro-0.local","pid":43825,"level":20,"msg":"Database saved","time":"2016-09-13T07:02:47.625Z","v":0}
{"name":"hexo","hostname":"MacBook-Pro-0.local","pid":43825,"level":30,"msg":"Good bye","time":"2016-09-13T07:02:58.548Z","v":0}
{"name":"hexo","hostname":"MacBook-Pro-0.local","pid":43825,"level":20,"msg":"Database saved","time":"2016-09-13T07:02:58.559Z","v":0}
{"name":"hexo","hostname":"MacBook-Pro-0.local","pid":43845,"level":20,"msg":"Hexo version: \u001b[35m3.2.2\u001b[39m","time":"2016-09-13T07:03:12.305Z","v":0}
{"name":"hexo","hostname":"MacBook-Pro-0.local","pid":43845,"level":20,"msg":"Working directory: \u001b[35m~/study/blog/\u001b[39m","time":"2016-09-13T07:03:12.309Z","v":0}
{"name":"hexo","hostname":"MacBook-Pro-0.local","pid":43845,"level":20,"msg":"Config loaded: \u001b[35m~/study/blog/_config.yml\u001b[39m","time":"2016-09-13T07:03:12.397Z","v":0}
{"name":"hexo","hostname":"MacBook-Pro-0.local","pid":43845,"level":20,"msg":"Plugin loaded: \u001b[35mhexo-server\u001b[39m","time":"2016-09-13T07:03:12.465Z","v":0}
{"name":"hexo","hostname":"MacBook-Pro-0.local","pid":43845,"level":20,"msg":"Loading database.","time":"2016-09-13T07:03:12.467Z","v":0}
{"name":"hexo","hostname":"MacBook-Pro-0.local","pid":43845,"level":30,"msg":"Start processing","time":"2016-09-13T07:03:12.484Z","v":0}
{"name":"hexo","hostname":"MacBook-Pro-0.local","pid":43845,"level":20,"msg":"Processed: \u001b[35m_posts/bottle-notes.md\u001b[39m","time":"2016-09-13T07:03:12.496Z","v":0}
{"name":"hexo","hostname":"MacBook-Pro-0.local","pid":43845,"level":20,"msg":"Processed: \u001b[35m_posts/git-study-1.md\u001b[39m","time":"2016-09-13T07:03:12.496Z","v":0}
{"name":"hexo","hostname":"MacBook-Pro-0.local","pid":43845,"level":20,"msg":"Processed: \u001b[35m_posts/haystack.md\u001b[39m","time":"2016-09-13T07:03:12.496Z","v":0}
{"name":"hexo","hostname":"MacBook-Pro-0.local","pid":43845,"level":20,"msg":"Processed: \u001b[35m_posts/hello-world.md\u001b[39m","time":"2016-09-13T07:03:12.496Z","v":0}
{"name":"hexo","hostname":"MacBook-Pro-0.local","pid":43845,"level":20,"msg":"Processed: \u001b[35m_posts/test.md\u001b[39m","time":"2016-09-13T07:03:12.498Z","v":0}
{"name":"hexo","hostname":"MacBook-Pro-0.local","pid":43845,"level":20,"msg":"Processed: \u001b[35m_posts/ubuntu-tools.md\u001b[39m","time":"2016-09-13T07:03:12.498Z","v":0}
{"name":"hexo","hostname":"MacBook-Pro-0.local","pid":43845,"level":20,"msg":"Processed: \u001b[35m_posts/what-is-wsgi.md\u001b[39m","time":"2016-09-13T07:03:12.498Z","v":0}
{"name":"hexo","hostname":"MacBook-Pro-0.local","pid":43845,"level":20,"msg":"Generator: \u001b[35mpage\u001b[39m","time":"2016-09-13T07:03:12.502Z","v":0}
{"name":"hexo","hostname":"MacBook-Pro-0.local","pid":43845,"level":20,"msg":"Generator: \u001b[35mpost\u001b[39m","time":"2016-09-13T07:03:12.503Z","v":0}
{"name":"hexo","hostname":"MacBook-Pro-0.local","pid":43845,"level":20,"msg":"Generator: \u001b[35masset\u001b[39m","time":"2016-09-13T07:03:12.503Z","v":0}
{"name":"hexo","hostname":"MacBook-Pro-0.local","pid":43845,"level":30,"msg":"Files loaded in \u001b[36m37 ms\u001b[39m","time":"2016-09-13T07:03:12.504Z","v":0}
{"name":"hexo","hostname":"MacBook-Pro-0.local","pid":43845,"level":30,"msg":"0 files generated in \u001b[36m1.77 ms\u001b[39m","time":"2016-09-13T07:03:12.506Z","v":0}
{"name":"hexo","hostname":"MacBook-Pro-0.local","pid":43845,"level":20,"msg":"Database saved","time":"2016-09-13T07:03:12.510Z","v":0}
{"name":"hexo","hostname":"MacBook-Pro-0.local","pid":44056,"level":20,"msg":"Hexo version: \u001b[35m3.2.2\u001b[39m","time":"2016-09-13T07:13:03.894Z","v":0}
{"name":"hexo","hostname":"MacBook-Pro-0.local","pid":44056,"level":20,"msg":"Working directory: \u001b[35m~/study/blog/\u001b[39m","time":"2016-09-13T07:13:03.897Z","v":0}
{"name":"hexo","hostname":"MacBook-Pro-0.local","pid":44056,"level":20,"msg":"Config loaded: \u001b[35m~/study/blog/_config.yml\u001b[39m","time":"2016-09-13T07:13:03.981Z","v":0}
{"name":"hexo","hostname":"MacBook-Pro-0.local","pid":44056,"level":20,"msg":"Plugin loaded: \u001b[35mhexo-generator-category\u001b[39m","time":"2016-09-13T07:13:03.993Z","v":0}
{"name":"hexo","hostname":"MacBook-Pro-0.local","pid":44056,"level":20,"msg":"Plugin loaded: \u001b[35mhexo-generator-tag\u001b[39m","time":"2016-09-13T07:13:03.994Z","v":0}
{"name":"hexo","hostname":"MacBook-Pro-0.local","pid":44056,"level":20,"msg":"Plugin loaded: \u001b[35mhexo-generator-archive\u001b[39m","time":"2016-09-13T07:13:03.996Z","v":0}
{"name":"hexo","hostname":"MacBook-Pro-0.local","pid":44056,"level":20,"msg":"Plugin loaded: \u001b[35mhexo-deployer-git\u001b[39m","time":"2016-09-13T07:13:04.057Z","v":0}
{"name":"hexo","hostname":"MacBook-Pro-0.local","pid":44056,"level":20,"msg":"Plugin loaded: \u001b[35mhexo-generator-index\u001b[39m","time":"2016-09-13T07:13:04.059Z","v":0}
{"name":"hexo","hostname":"MacBook-Pro-0.local","pid":44056,"level":20,"msg":"Plugin loaded: \u001b[35mhexo-renderer-jade\u001b[39m","time":"2016-09-13T07:13:04.476Z","v":0}
{"name":"hexo","hostname":"MacBook-Pro-0.local","pid":44056,"level":20,"msg":"Plugin loaded: \u001b[35mhexo-renderer-ejs\u001b[39m","time":"2016-09-13T07:13:04.479Z","v":0}
{"name":"hexo","hostname":"MacBook-Pro-0.local","pid":44056,"level":20,"msg":"Plugin loaded: \u001b[35mhexo-renderer-marked\u001b[39m","time":"2016-09-13T07:13:04.486Z","v":0}
{"name":"hexo","hostname":"MacBook-Pro-0.local","pid":44056,"level":20,"msg":"Plugin loaded: \u001b[35mhexo-renderer-sass\u001b[39m","time":"2016-09-13T07:13:04.500Z","v":0}
{"name":"hexo","hostname":"MacBook-Pro-0.local","pid":44056,"level":20,"msg":"Plugin loaded: \u001b[35mhexo-renderer-stylus\u001b[39m","time":"2016-09-13T07:13:04.502Z","v":0}
{"name":"hexo","hostname":"MacBook-Pro-0.local","pid":44056,"level":20,"msg":"Plugin loaded: \u001b[35mhexo-server\u001b[39m","time":"2016-09-13T07:13:04.584Z","v":0}
{"name":"hexo","hostname":"MacBook-Pro-0.local","pid":44056,"level":20,"msg":"Loading database.","time":"2016-09-13T07:13:04.587Z","v":0}
{"name":"hexo","hostname":"MacBook-Pro-0.local","pid":44056,"level":30,"msg":"Start processing","time":"2016-09-13T07:13:04.697Z","v":0}
{"name":"hexo","hostname":"MacBook-Pro-0.local","pid":44056,"level":20,"msg":"Processed: \u001b[35m_posts/bottle-notes.md\u001b[39m","time":"2016-09-13T07:13:04.713Z","v":0}
{"name":"hexo","hostname":"MacBook-Pro-0.local","pid":44056,"level":20,"msg":"Processed: \u001b[35m_posts/hello-world.md\u001b[39m","time":"2016-09-13T07:13:04.725Z","v":0}
{"name":"hexo","hostname":"MacBook-Pro-0.local","pid":44056,"level":20,"msg":"Processed: \u001b[35m_posts/git-study-1.md\u001b[39m","time":"2016-09-13T07:13:04.726Z","v":0}
{"name":"hexo","hostname":"MacBook-Pro-0.local","pid":44056,"level":20,"msg":"Processed: \u001b[35m_posts/haystack.md\u001b[39m","time":"2016-09-13T07:13:04.726Z","v":0}
{"name":"hexo","hostname":"MacBook-Pro-0.local","pid":44056,"level":20,"msg":"Processed: \u001b[35m_posts/test.md\u001b[39m","time":"2016-09-13T07:13:04.726Z","v":0}
{"name":"hexo","hostname":"MacBook-Pro-0.local","pid":44056,"level":20,"msg":"Processed: \u001b[35m_posts/ubuntu-tools.md\u001b[39m","time":"2016-09-13T07:13:04.726Z","v":0}
{"name":"hexo","hostname":"MacBook-Pro-0.local","pid":44056,"level":20,"msg":"Processed: \u001b[35m_posts/what-is-wsgi.md\u001b[39m","time":"2016-09-13T07:13:04.726Z","v":0}
{"name":"hexo","hostname":"MacBook-Pro-0.local","pid":44056,"level":20,"msg":"Generator: \u001b[35mpage\u001b[39m","time":"2016-09-13T07:13:04.749Z","v":0}
{"name":"hexo","hostname":"MacBook-Pro-0.local","pid":44056,"level":20,"msg":"Generator: \u001b[35mpost\u001b[39m","time":"2016-09-13T07:13:04.750Z","v":0}
{"name":"hexo","hostname":"MacBook-Pro-0.local","pid":44056,"level":20,"msg":"Generator: \u001b[35mcategory\u001b[39m","time":"2016-09-13T07:13:04.750Z","v":0}
{"name":"hexo","hostname":"MacBook-Pro-0.local","pid":44056,"level":20,"msg":"Generator: \u001b[35mtag\u001b[39m","time":"2016-09-13T07:13:04.750Z","v":0}
{"name":"hexo","hostname":"MacBook-Pro-0.local","pid":44056,"level":20,"msg":"Generator: \u001b[35marchive\u001b[39m","time":"2016-09-13T07:13:04.751Z","v":0}
{"name":"hexo","hostname":"MacBook-Pro-0.local","pid":44056,"level":20,"msg":"Generator: \u001b[35mindex\u001b[39m","time":"2016-09-13T07:13:04.752Z","v":0}
{"name":"hexo","hostname":"MacBook-Pro-0.local","pid":44056,"level":20,"msg":"Generator: \u001b[35masset\u001b[39m","time":"2016-09-13T07:13:04.752Z","v":0}
{"name":"hexo","hostname":"MacBook-Pro-0.local","pid":44056,"level":30,"msg":"Files loaded in \u001b[36m179 ms\u001b[39m","time":"2016-09-13T07:13:04.766Z","v":0}
{"name":"hexo","hostname":"MacBook-Pro-0.local","pid":44056,"level":40,"msg":"No layout: \u001b[35m2016/09/hello-world/index.html\u001b[39m","time":"2016-09-13T07:13:04.769Z","v":0}
{"name":"hexo","hostname":"MacBook-Pro-0.local","pid":44056,"level":40,"msg":"No layout: \u001b[35m2016/04/ubuntu-tools/index.html\u001b[39m","time":"2016-09-13T07:13:04.770Z","v":0}
{"name":"hexo","hostname":"MacBook-Pro-0.local","pid":44056,"level":40,"msg":"No layout: \u001b[35m2016/03/bottle-notes/index.html\u001b[39m","time":"2016-09-13T07:13:04.770Z","v":0}
{"name":"hexo","hostname":"MacBook-Pro-0.local","pid":44056,"level":40,"msg":"No layout: \u001b[35m2016/03/haystack/index.html\u001b[39m","time":"2016-09-13T07:13:04.770Z","v":0}
{"name":"hexo","hostname":"MacBook-Pro-0.local","pid":44056,"level":40,"msg":"No layout: \u001b[35m2016/03/what-is-wsgi/index.html\u001b[39m","time":"2016-09-13T07:13:04.770Z","v":0}
{"name":"hexo","hostname":"MacBook-Pro-0.local","pid":44056,"level":40,"msg":"No layout: \u001b[35m2016/02/git-study-1/index.html\u001b[39m","time":"2016-09-13T07:13:04.771Z","v":0}
{"name":"hexo","hostname":"MacBook-Pro-0.local","pid":44056,"level":40,"msg":"No layout: \u001b[35m2016/02/test/index.html\u001b[39m","time":"2016-09-13T07:13:04.771Z","v":0}
{"name":"hexo","hostname":"MacBook-Pro-0.local","pid":44056,"level":40,"msg":"No layout: \u001b[35mtags/git/index.html\u001b[39m","time":"2016-09-13T07:13:04.772Z","v":0}
{"name":"hexo","hostname":"MacBook-Pro-0.local","pid":44056,"level":40,"msg":"No layout: \u001b[35mtags/framework/index.html\u001b[39m","time":"2016-09-13T07:13:04.772Z","v":0}
{"name":"hexo","hostname":"MacBook-Pro-0.local","pid":44056,"level":40,"msg":"No layout: \u001b[35mtags/test/index.html\u001b[39m","time":"2016-09-13T07:13:04.774Z","v":0}
{"name":"hexo","hostname":"MacBook-Pro-0.local","pid":44056,"level":40,"msg":"No layout: \u001b[35mtags/ubuntu/index.html\u001b[39m","time":"2016-09-13T07:13:04.778Z","v":0}
{"name":"hexo","hostname":"MacBook-Pro-0.local","pid":44056,"level":40,"msg":"No layout: \u001b[35marchives/index.html\u001b[39m","time":"2016-09-13T07:13:04.783Z","v":0}
{"name":"hexo","hostname":"MacBook-Pro-0.local","pid":44056,"level":40,"msg":"No layout: \u001b[35marchives/2016/index.html\u001b[39m","time":"2016-09-13T07:13:04.783Z","v":0}
{"name":"hexo","hostname":"MacBook-Pro-0.local","pid":44056,"level":40,"msg":"No layout: \u001b[35marchives/2016/02/index.html\u001b[39m","time":"2016-09-13T07:13:04.784Z","v":0}
{"name":"hexo","hostname":"MacBook-Pro-0.local","pid":44056,"level":40,"msg":"No layout: \u001b[35marchives/2016/03/index.html\u001b[39m","time":"2016-09-13T07:13:04.784Z","v":0}
{"name":"hexo","hostname":"MacBook-Pro-0.local","pid":44056,"level":40,"msg":"No layout: \u001b[35marchives/2016/04/index.html\u001b[39m","time":"2016-09-13T07:13:04.785Z","v":0}
{"name":"hexo","hostname":"MacBook-Pro-0.local","pid":44056,"level":40,"msg":"No layout: \u001b[35marchives/2016/09/index.html\u001b[39m","time":"2016-09-13T07:13:04.785Z","v":0}
{"name":"hexo","hostname":"MacBook-Pro-0.local","pid":44056,"level":40,"msg":"No layout: \u001b[35mindex.html\u001b[39m","time":"2016-09-13T07:13:04.786Z","v":0}
{"name":"hexo","hostname":"MacBook-Pro-0.local","pid":44056,"level":30,"msg":"0 files generated in \u001b[36m23 ms\u001b[39m","time":"2016-09-13T07:13:04.789Z","v":0}
{"name":"hexo","hostname":"MacBook-Pro-0.local","pid":44056,"level":20,"msg":"Database saved","time":"2016-09-13T07:13:04.799Z","v":0}
{"name":"hexo","hostname":"MacBook-Pro-0.local","pid":44930,"level":20,"msg":"Hexo version: \u001b[35m3.2.2\u001b[39m","time":"2016-09-13T07:32:54.113Z","v":0}
{"name":"hexo","hostname":"MacBook-Pro-0.local","pid":44930,"level":20,"msg":"Working directory: \u001b[35m~/study/blog/\u001b[39m","time":"2016-09-13T07:32:54.116Z","v":0}
{"name":"hexo","hostname":"MacBook-Pro-0.local","pid":44930,"level":20,"msg":"Config loaded: \u001b[35m~/study/blog/_config.yml\u001b[39m","time":"2016-09-13T07:32:54.204Z","v":0}
{"name":"hexo","hostname":"MacBook-Pro-0.local","pid":44930,"level":20,"msg":"Script loaded: \u001b[35mthemes/next/scripts/merge-configs.js\u001b[39m","time":"2016-09-13T07:32:54.217Z","v":0}
{"name":"hexo","hostname":"MacBook-Pro-0.local","pid":44930,"level":20,"msg":"Script loaded: \u001b[35mthemes/next/scripts/tags/center-quote.js\u001b[39m","time":"2016-09-13T07:32:54.217Z","v":0}
{"name":"hexo","hostname":"MacBook-Pro-0.local","pid":44930,"level":20,"msg":"Script loaded: \u001b[35mthemes/next/scripts/tags/full-image.js\u001b[39m","time":"2016-09-13T07:32:54.218Z","v":0}
{"name":"hexo","hostname":"MacBook-Pro-0.local","pid":44930,"level":20,"msg":"Script loaded: \u001b[35mthemes/next/scripts/tags/group-pictures.js\u001b[39m","time":"2016-09-13T07:32:54.219Z","v":0}
{"name":"hexo","hostname":"MacBook-Pro-0.local","pid":44930,"level":20,"msg":"Plugin loaded: \u001b[35mhexo-deployer-git\u001b[39m","time":"2016-09-13T07:32:54.274Z","v":0}
{"name":"hexo","hostname":"MacBook-Pro-0.local","pid":44930,"level":20,"msg":"Plugin loaded: \u001b[35mhexo-generator-archive\u001b[39m","time":"2016-09-13T07:32:54.278Z","v":0}
{"name":"hexo","hostname":"MacBook-Pro-0.local","pid":44930,"level":20,"msg":"Plugin loaded: \u001b[35mhexo-generator-category\u001b[39m","time":"2016-09-13T07:32:54.280Z","v":0}
{"name":"hexo","hostname":"MacBook-Pro-0.local","pid":44930,"level":20,"msg":"Plugin loaded: \u001b[35mhexo-generator-index\u001b[39m","time":"2016-09-13T07:32:54.282Z","v":0}
{"name":"hexo","hostname":"MacBook-Pro-0.local","pid":44930,"level":20,"msg":"Plugin loaded: \u001b[35mhexo-generator-tag\u001b[39m","time":"2016-09-13T07:32:54.284Z","v":0}
{"name":"hexo","hostname":"MacBook-Pro-0.local","pid":44930,"level":20,"msg":"Plugin loaded: \u001b[35mhexo-renderer-ejs\u001b[39m","time":"2016-09-13T07:32:54.286Z","v":0}
{"name":"hexo","hostname":"MacBook-Pro-0.local","pid":44930,"level":20,"msg":"Plugin loaded: \u001b[35mhexo-renderer-jade\u001b[39m","time":"2016-09-13T07:32:54.516Z","v":0}
{"name":"hexo","hostname":"MacBook-Pro-0.local","pid":44930,"level":20,"msg":"Plugin loaded: \u001b[35mhexo-renderer-marked\u001b[39m","time":"2016-09-13T07:32:54.521Z","v":0}
{"name":"hexo","hostname":"MacBook-Pro-0.local","pid":44930,"level":20,"msg":"Plugin loaded: \u001b[35mhexo-renderer-sass\u001b[39m","time":"2016-09-13T07:32:54.530Z","v":0}
{"name":"hexo","hostname":"MacBook-Pro-0.local","pid":44930,"level":20,"msg":"Plugin loaded: \u001b[35mhexo-renderer-stylus\u001b[39m","time":"2016-09-13T07:32:54.532Z","v":0}
{"name":"hexo","hostname":"MacBook-Pro-0.local","pid":44930,"level":20,"msg":"Plugin loaded: \u001b[35mhexo-server\u001b[39m","time":"2016-09-13T07:32:54.583Z","v":0}
{"name":"hexo","hostname":"MacBook-Pro-0.local","pid":44930,"level":30,"msg":"Deploying: \u001b[35mgit\u001b[39m","time":"2016-09-13T07:32:54.588Z","v":0}
{"name":"hexo","hostname":"MacBook-Pro-0.local","pid":44930,"level":30,"msg":"Clearing .deploy folder...","time":"2016-09-13T07:32:54.596Z","v":0}
{"name":"hexo","hostname":"MacBook-Pro-0.local","pid":44930,"level":30,"msg":"Copying files from public folder...","time":"2016-09-13T07:32:54.636Z","v":0}
{"name":"hexo","hostname":"MacBook-Pro-0.local","pid":44930,"level":30,"msg":"Catch you later","time":"2016-09-13T07:33:01.951Z","v":0}
{"name":"hexo","hostname":"MacBook-Pro-0.local","pid":44930,"level":30,"msg":"Deploy done: \u001b[35mgit\u001b[39m","time":"2016-09-13T07:33:01.954Z","v":0}
{"name":"hexo","hostname":"MacBook-Pro-0.local","pid":44930,"level":20,"msg":"Database saved","time":"2016-09-13T07:33:01.955Z","v":0}
{"name":"hexo","hostname":"MacBook-Pro-0.local","pid":45526,"level":20,"msg":"Hexo version: \u001b[35m3.2.2\u001b[39m","time":"2016-09-13T07:47:44.459Z","v":0}
{"name":"hexo","hostname":"MacBook-Pro-0.local","pid":45526,"level":20,"msg":"Working directory: \u001b[35m~/study/blog/\u001b[39m","time":"2016-09-13T07:47:44.462Z","v":0}
{"name":"hexo","hostname":"MacBook-Pro-0.local","pid":45526,"level":20,"msg":"Config loaded: \u001b[35m~/study/blog/_config.yml\u001b[39m","time":"2016-09-13T07:47:44.548Z","v":0}
{"name":"hexo","hostname":"MacBook-Pro-0.local","pid":45526,"level":20,"msg":"Plugin loaded: \u001b[35mhexo-deployer-git\u001b[39m","time":"2016-09-13T07:47:44.616Z","v":0}
{"name":"hexo","hostname":"MacBook-Pro-0.local","pid":45526,"level":20,"msg":"Plugin loaded: \u001b[35mhexo-generator-archive\u001b[39m","time":"2016-09-13T07:47:44.618Z","v":0}
{"name":"hexo","hostname":"MacBook-Pro-0.local","pid":45526,"level":20,"msg":"Plugin loaded: \u001b[35mhexo-generator-category\u001b[39m","time":"2016-09-13T07:47:44.619Z","v":0}
{"name":"hexo","hostname":"MacBook-Pro-0.local","pid":45526,"level":20,"msg":"Plugin loaded: \u001b[35mhexo-generator-index\u001b[39m","time":"2016-09-13T07:47:44.621Z","v":0}
{"name":"hexo","hostname":"MacBook-Pro-0.local","pid":45526,"level":20,"msg":"Plugin loaded: \u001b[35mhexo-generator-tag\u001b[39m","time":"2016-09-13T07:47:44.622Z","v":0}
{"name":"hexo","hostname":"MacBook-Pro-0.local","pid":45526,"level":20,"msg":"Plugin loaded: \u001b[35mhexo-renderer-ejs\u001b[39m","time":"2016-09-13T07:47:44.625Z","v":0}
{"name":"hexo","hostname":"MacBook-Pro-0.local","pid":45526,"level":20,"msg":"Plugin loaded: \u001b[35mhexo-renderer-jade\u001b[39m","time":"2016-09-13T07:47:44.854Z","v":0}
{"name":"hexo","hostname":"MacBook-Pro-0.local","pid":45526,"level":20,"msg":"Plugin loaded: \u001b[35mhexo-renderer-marked\u001b[39m","time":"2016-09-13T07:47:44.861Z","v":0}
{"name":"hexo","hostname":"MacBook-Pro-0.local","pid":45526,"level":20,"msg":"Plugin loaded: \u001b[35mhexo-renderer-sass\u001b[39m","time":"2016-09-13T07:47:44.868Z","v":0}
{"name":"hexo","hostname":"MacBook-Pro-0.local","pid":45526,"level":20,"msg":"Plugin loaded: \u001b[35mhexo-renderer-stylus\u001b[39m","time":"2016-09-13T07:47:44.869Z","v":0}
{"name":"hexo","hostname":"MacBook-Pro-0.local","pid":45526,"level":20,"msg":"Plugin loaded: \u001b[35mhexo-server\u001b[39m","time":"2016-09-13T07:47:44.919Z","v":0}
{"name":"hexo","hostname":"MacBook-Pro-0.local","pid":45526,"level":20,"msg":"Script loaded: \u001b[35mthemes/next/scripts/merge-configs.js\u001b[39m","time":"2016-09-13T07:47:44.920Z","v":0}
{"name":"hexo","hostname":"MacBook-Pro-0.local","pid":45526,"level":20,"msg":"Script loaded: \u001b[35mthemes/next/scripts/tags/center-quote.js\u001b[39m","time":"2016-09-13T07:47:44.920Z","v":0}
{"name":"hexo","hostname":"MacBook-Pro-0.local","pid":45526,"level":20,"msg":"Script loaded: \u001b[35mthemes/next/scripts/tags/full-image.js\u001b[39m","time":"2016-09-13T07:47:44.921Z","v":0}
{"name":"hexo","hostname":"MacBook-Pro-0.local","pid":45526,"level":20,"msg":"Script loaded: \u001b[35mthemes/next/scripts/tags/group-pictures.js\u001b[39m","time":"2016-09-13T07:47:44.922Z","v":0}
{"name":"hexo","hostname":"MacBook-Pro-0.local","pid":45526,"level":30,"msg":"Deploying: \u001b[35mgit\u001b[39m","time":"2016-09-13T07:47:44.925Z","v":0}
{"name":"hexo","hostname":"MacBook-Pro-0.local","pid":45526,"level":30,"msg":"Clearing .deploy folder...","time":"2016-09-13T07:47:44.932Z","v":0}
{"name":"hexo","hostname":"MacBook-Pro-0.local","pid":45526,"level":30,"msg":"Copying files from public folder...","time":"2016-09-13T07:47:44.970Z","v":0}
{"name":"hexo","hostname":"MacBook-Pro-0.local","pid":45526,"level":30,"msg":"Farewell","time":"2016-09-13T07:48:23.428Z","v":0}
{"name":"hexo","hostname":"MacBook-Pro-0.local","pid":45526,"level":20,"msg":"Database saved","time":"2016-09-13T07:48:23.431Z","v":0}
{"name":"hexo","hostname":"MacBook-Pro-0.local","pid":45540,"level":20,"msg":"Hexo version: \u001b[35m3.2.2\u001b[39m","time":"2016-09-13T07:48:37.869Z","v":0}
{"name":"hexo","hostname":"MacBook-Pro-0.local","pid":45540,"level":20,"msg":"Working directory: \u001b[35m~/study/blog/\u001b[39m","time":"2016-09-13T07:48:37.872Z","v":0}
{"name":"hexo","hostname":"MacBook-Pro-0.local","pid":45540,"level":20,"msg":"Config loaded: \u001b[35m~/study/blog/_config.yml\u001b[39m","time":"2016-09-13T07:48:37.956Z","v":0}
{"name":"hexo","hostname":"MacBook-Pro-0.local","pid":45540,"level":20,"msg":"Plugin loaded: \u001b[35mhexo-deployer-git\u001b[39m","time":"2016-09-13T07:48:38.031Z","v":0}
{"name":"hexo","hostname":"MacBook-Pro-0.local","pid":45540,"level":20,"msg":"Plugin loaded: \u001b[35mhexo-generator-archive\u001b[39m","time":"2016-09-13T07:48:38.033Z","v":0}
{"name":"hexo","hostname":"MacBook-Pro-0.local","pid":45540,"level":20,"msg":"Plugin loaded: \u001b[35mhexo-generator-tag\u001b[39m","time":"2016-09-13T07:48:38.035Z","v":0}
{"name":"hexo","hostname":"MacBook-Pro-0.local","pid":45540,"level":20,"msg":"Plugin loaded: \u001b[35mhexo-generator-index\u001b[39m","time":"2016-09-13T07:48:38.036Z","v":0}
{"name":"hexo","hostname":"MacBook-Pro-0.local","pid":45540,"level":20,"msg":"Plugin loaded: \u001b[35mhexo-generator-category\u001b[39m","time":"2016-09-13T07:48:38.039Z","v":0}
{"name":"hexo","hostname":"MacBook-Pro-0.local","pid":45540,"level":20,"msg":"Plugin loaded: \u001b[35mhexo-renderer-ejs\u001b[39m","time":"2016-09-13T07:48:38.041Z","v":0}
{"name":"hexo","hostname":"MacBook-Pro-0.local","pid":45540,"level":20,"msg":"Plugin loaded: \u001b[35mhexo-renderer-jade\u001b[39m","time":"2016-09-13T07:48:38.288Z","v":0}
{"name":"hexo","hostname":"MacBook-Pro-0.local","pid":45540,"level":20,"msg":"Plugin loaded: \u001b[35mhexo-renderer-marked\u001b[39m","time":"2016-09-13T07:48:38.294Z","v":0}
{"name":"hexo","hostname":"MacBook-Pro-0.local","pid":45540,"level":20,"msg":"Plugin loaded: \u001b[35mhexo-renderer-sass\u001b[39m","time":"2016-09-13T07:48:38.304Z","v":0}
{"name":"hexo","hostname":"MacBook-Pro-0.local","pid":45540,"level":20,"msg":"Plugin loaded: \u001b[35mhexo-renderer-stylus\u001b[39m","time":"2016-09-13T07:48:38.305Z","v":0}
{"name":"hexo","hostname":"MacBook-Pro-0.local","pid":45540,"level":20,"msg":"Plugin loaded: \u001b[35mhexo-server\u001b[39m","time":"2016-09-13T07:48:38.367Z","v":0}
{"name":"hexo","hostname":"MacBook-Pro-0.local","pid":45540,"level":20,"msg":"Script loaded: \u001b[35mthemes/next/scripts/merge-configs.js\u001b[39m","time":"2016-09-13T07:48:38.368Z","v":0}
{"name":"hexo","hostname":"MacBook-Pro-0.local","pid":45540,"level":20,"msg":"Script loaded: \u001b[35mthemes/next/scripts/tags/center-quote.js\u001b[39m","time":"2016-09-13T07:48:38.368Z","v":0}
{"name":"hexo","hostname":"MacBook-Pro-0.local","pid":45540,"level":20,"msg":"Script loaded: \u001b[35mthemes/next/scripts/tags/full-image.js\u001b[39m","time":"2016-09-13T07:48:38.369Z","v":0}
{"name":"hexo","hostname":"MacBook-Pro-0.local","pid":45540,"level":20,"msg":"Script loaded: \u001b[35mthemes/next/scripts/tags/group-pictures.js\u001b[39m","time":"2016-09-13T07:48:38.370Z","v":0}
{"name":"hexo","hostname":"MacBook-Pro-0.local","pid":45540,"level":30,"msg":"Deploying: \u001b[35mgit\u001b[39m","time":"2016-09-13T07:48:38.373Z","v":0}
{"name":"hexo","hostname":"MacBook-Pro-0.local","pid":45540,"level":30,"msg":"Clearing .deploy folder...","time":"2016-09-13T07:48:38.379Z","v":0}
{"name":"hexo","hostname":"MacBook-Pro-0.local","pid":45540,"level":30,"msg":"Copying files from public folder...","time":"2016-09-13T07:48:38.407Z","v":0}
{"name":"hexo","hostname":"MacBook-Pro-0.local","pid":45540,"level":30,"msg":"Deploy done: \u001b[35mgit\u001b[39m","time":"2016-09-13T07:50:27.351Z","v":0}
{"name":"hexo","hostname":"MacBook-Pro-0.local","pid":45540,"level":20,"msg":"Database saved","time":"2016-09-13T07:50:27.353Z","v":0}
